Arguments: 
  /home/vagrant/.nvm/versions/node/v10.14.2/bin/node /home/vagrant/.yarn/bin/yarn.js install

PATH: 
  /home/vagrant/.yarn/bin:/home/vagrant/.config/yarn/global/node_modules/.bin:/home/vagrant/.nvm/versions/node/v10.14.2/bin:/usr/local/sbin:/usr/local/bin:/usr/sbin:/usr/bin:/sbin:/bin:/usr/games:/usr/local/games:/snap/bin

Yarn version: 
  1.13.0

Node version: 
  10.14.2

Platform: 
  linux x64

Trace: 
  Error: EPROTO: protocol error, symlink '../../../he/bin/he' -> '/home/vagrant/workspace/damage-calc-4005-v2-yarn/node_modules/mocha/node_modules/.bin/he'

npm manifest: 
  {
    "name": "damage-calc",
    "version": "1.0.0",
    "description": "caliculator of damage",
    "main": "index.js",
    "author": "",
    "scripts": {
      "test": "node_modules/.bin/mocha"
    },
    "license": "ISC",
    "devDependencies": {
      "mocha": "^4.0.1"
    }
  }

yarn manifest: 
  No manifest

Lockfile: 
  No lockfile
